<?xml version="1.0" encoding="UTF-8"?>
<testsuite xmlns:xsi="http://www.w3.org/2001/XMLSchema-instance" xsi:noNamespaceSchemaLocation="https://maven.apache.org/surefire/maven-surefire-plugin/xsd/surefire-test-report.xsd" name="com.ucoz.bosch.AppTest" time="0.094" tests="5" errors="0" skipped="1" failures="0">
  <properties>
[...]
</properties>
  <testcase name="testShouldBeFailed" classname="com.ucoz.bosch.AppTest" time="0"/>
  <testcase name="testShouldBePassed" classname="com.ucoz.bosch.AppTest" time="0"/>
  <testcase name="testAnotherMethod" classname="com.ucoz.bosch.AppTest" time="0"/>
  <testcase name="testAnotherClass" classname="com.ucoz.bosch.AppTest" time="0"/>
  <testcase name="testShouldBeSKipped" classname="com.ucoz.bosch.AppTest" time="0">
    <skipped message="Not implemented yet"/>
  </testcase>
</testsuite>